android_app/app/build/intermediates/manifest_merge_blame_file/release/processReleaseMainManifest/manifest-merger-blame-release-report.txt
1<?xml version="1.0" encoding="utf-8"?>
2<manifest xmlns:android="http://schemas.android.com/apk/res/android"
3    package="com.meowl.app"
4    android:versionCode="1"
5    android:versionName="1.0" >
6
7    <uses-sdk
7-->INJECTED
8        android:minSdkVersion="26"
8-->INJECTED
9        android:targetSdkVersion="34" />
9-->INJECTED
10
11    <!-- Permissions required for Voicemail, Location, Foreground Service & Widget networking -->
12    <uses-permission android:name="android.permission.INTERNET" />
12-->src\main\AndroidManifest.xml:6:5-67
12-->src\main\AndroidManifest.xml:6:22-64
13    <uses-permission android:name="android.permission.ACCESS_NETWORK_STATE" />
13-->src\main\AndroidManifest.xml:7:5-79
13-->src\main\AndroidManifest.xml:7:22-76
14    <uses-permission android:name="android.permission.RECORD_AUDIO" />
14-->src\main\AndroidManifest.xml:8:5-71
14-->src\main\AndroidManifest.xml:8:22-68
15    <uses-permission android:name="android.permission.ACCESS_FINE_LOCATION" />
15-->src\main\AndroidManifest.xml:9:5-79
15-->src\main\AndroidManifest.xml:9:22-76
16    <uses-permission android:name="android.permission.ACCESS_COARSE_LOCATION" />
16-->src\main\AndroidManifest.xml:10:5-81
16-->src\main\AndroidManifest.xml:10:22-78
17    <uses-permission android:name="android.permission.WAKE_LOCK" />
17-->src\main\AndroidManifest.xml:11:5-68
17-->src\main\AndroidManifest.xml:11:22-65
18    <uses-permission android:name="android.permission.POST_NOTIFICATIONS" />
18-->src\main\AndroidManifest.xml:12:5-77
18-->src\main\AndroidManifest.xml:12:22-74
19    <uses-permission android:name="android.permission.VIBRATE" />
19-->src\main\AndroidManifest.xml:13:5-66
19-->src\main\AndroidManifest.xml:13:22-63
20    <uses-permission android:name="android.permission.RECEIVE_BOOT_COMPLETED" />
20-->src\main\AndroidManifest.xml:14:5-81
20-->src\main\AndroidManifest.xml:14:22-78
21    <uses-permission android:name="android.permission.FOREGROUND_SERVICE" />
21-->src\main\AndroidManifest.xml:15:5-77
21-->src\main\AndroidManifest.xml:15:22-74
22    <uses-permission android:name="android.permission.FOREGROUND_SERVICE_DATA_SYNC" />
22-->src\main\AndroidManifest.xml:16:5-87
22-->src\main\AndroidManifest.xml:16:22-84
23
24    <permission
24-->[androidx.core:core:1.12.0] AndroidManifest.xml:22:5-24:47
25        android:name="com.meowl.app.DYNAMIC_RECEIVER_NOT_EXPORTED_PERMISSION"
25-->[androidx.core:core:1.12.0] AndroidManifest.xml:23:9-81
26        android:protectionLevel="signature" />
26-->[androidx.core:core:1.12.0] AndroidManifest.xml:24:9-44
27
28    <uses-permission android:name="com.meowl.app.DYNAMIC_RECEIVER_NOT_EXPORTED_PERMISSION" />
28-->[androidx.core:core:1.12.0] AndroidManifest.xml:26:5-97
28-->[androidx.core:core:1.12.0] AndroidManifest.xml:26:22-94
29
30    <application
30-->src\main\AndroidManifest.xml:18:5-122:19
31        android:allowBackup="true"
31-->src\main\AndroidManifest.xml:19:9-35
32        android:appComponentFactory="androidx.core.app.CoreComponentFactory"
32-->[androidx.core:core:1.12.0] AndroidManifest.xml:28:18-86
33        android:dataExtractionRules="@xml/data_extraction_rules"
33-->src\main\AndroidManifest.xml:20:9-65
34        android:extractNativeLibs="false"
34-->INJECTED
35        android:fullBackupContent="@xml/backup_rules"
35-->src\main\AndroidManifest.xml:21:9-54
36        android:icon="@mipmap/ic_launcher"
36-->src\main\AndroidManifest.xml:22:9-43
37        android:label="@string/app_name"
37-->src\main\AndroidManifest.xml:23:9-41
38        android:roundIcon="@mipmap/ic_launcher_round"
38-->src\main\AndroidManifest.xml:24:9-54
39        android:supportsRtl="true"
39-->src\main\AndroidManifest.xml:25:9-35
40        android:theme="@style/Theme.MeowlApp"
40-->src\main\AndroidManifest.xml:26:9-46
41        android:usesCleartextTraffic="true" >
41-->src\main\AndroidManifest.xml:27:9-44
42
43        <!-- Main Activity (Core Base Class - Permanently Enabled Launcher) -->
44        <activity
44-->src\main\AndroidManifest.xml:31:9-40:20
45            android:name="com.meowl.app.MainActivity"
45-->src\main\AndroidManifest.xml:32:13-41
46            android:exported="true"
46-->src\main\AndroidManifest.xml:33:13-36
47            android:label="@string/app_name"
47-->src\main\AndroidManifest.xml:34:13-45
48            android:theme="@style/Theme.MeowlApp" >
48-->src\main\AndroidManifest.xml:35:13-50
49            <intent-filter>
49-->src\main\AndroidManifest.xml:36:13-39:29
50                <action android:name="android.intent.action.MAIN" />
50-->src\main\AndroidManifest.xml:37:17-69
50-->src\main\AndroidManifest.xml:37:25-66
51
52                <category android:name="android.intent.category.LAUNCHER" />
52-->src\main\AndroidManifest.xml:38:17-77
52-->src\main\AndroidManifest.xml:38:27-74
53            </intent-filter>
54        </activity>
55
56        <activity-alias
56-->src\main\AndroidManifest.xml:71:9-83:26
57            android:name="com.meowl.app.AliasYellow"
57-->src\main\AndroidManifest.xml:72:13-40
58            android:enabled="false"
58-->src\main\AndroidManifest.xml:78:13-36
59            android:exported="true"
59-->src\main\AndroidManifest.xml:77:13-36
60            android:icon="@mipmap/ic_launcher_yellow"
60-->src\main\AndroidManifest.xml:74:13-54
61            android:label="@string/app_name"
61-->src\main\AndroidManifest.xml:76:13-45
62            android:roundIcon="@mipmap/ic_launcher_yellow_round"
62-->src\main\AndroidManifest.xml:75:13-65
63            android:targetActivity="com.meowl.app.MainActivity" >
63-->src\main\AndroidManifest.xml:73:13-51
64            <intent-filter>
64-->src\main\AndroidManifest.xml:36:13-39:29
65                <action android:name="android.intent.action.MAIN" />
65-->src\main\AndroidManifest.xml:37:17-69
65-->src\main\AndroidManifest.xml:37:25-66
66
67                <category android:name="android.intent.category.LAUNCHER" />
67-->src\main\AndroidManifest.xml:38:17-77
67-->src\main\AndroidManifest.xml:38:27-74
68            </intent-filter>
69        </activity-alias>
70        <activity-alias
70-->src\main\AndroidManifest.xml:57:9-69:26
71            android:name="com.meowl.app.AliasPurple"
71-->src\main\AndroidManifest.xml:58:13-40
72            android:enabled="false"
72-->src\main\AndroidManifest.xml:64:13-36
73            android:exported="true"
73-->src\main\AndroidManifest.xml:63:13-36
74            android:icon="@mipmap/ic_launcher_purple"
74-->src\main\AndroidManifest.xml:60:13-54
75            android:label="@string/app_name"
75-->src\main\AndroidManifest.xml:62:13-45
76            android:roundIcon="@mipmap/ic_launcher_purple_round"
76-->src\main\AndroidManifest.xml:61:13-65
77            android:targetActivity="com.meowl.app.MainActivity" >
77-->src\main\AndroidManifest.xml:59:13-51
78            <intent-filter>
78-->src\main\AndroidManifest.xml:36:13-39:29
79                <action android:name="android.intent.action.MAIN" />
79-->src\main\AndroidManifest.xml:37:17-69
79-->src\main\AndroidManifest.xml:37:25-66
80
81                <category android:name="android.intent.category.LAUNCHER" />
81-->src\main\AndroidManifest.xml:38:17-77
81-->src\main\AndroidManifest.xml:38:27-74
82            </intent-filter>
83        </activity-alias> <!-- Dynamic Icon Launcher Aliases for Themes -->
84        <activity-alias
84-->src\main\AndroidManifest.xml:43:9-55:26
85            android:name="com.meowl.app.AliasBlue"
85-->src\main\AndroidManifest.xml:44:13-38
86            android:enabled="false"
86-->src\main\AndroidManifest.xml:50:13-36
87            android:exported="true"
87-->src\main\AndroidManifest.xml:49:13-36
88            android:icon="@mipmap/ic_launcher_blue"
88-->src\main\AndroidManifest.xml:46:13-52
89            android:label="@string/app_name"
89-->src\main\AndroidManifest.xml:48:13-45
90            android:roundIcon="@mipmap/ic_launcher_blue_round"
90-->src\main\AndroidManifest.xml:47:13-63
91            android:targetActivity="com.meowl.app.MainActivity" >
91-->src\main\AndroidManifest.xml:45:13-51
92            <intent-filter>
92-->src\main\AndroidManifest.xml:36:13-39:29
93                <action android:name="android.intent.action.MAIN" />
93-->src\main\AndroidManifest.xml:37:17-69
93-->src\main\AndroidManifest.xml:37:25-66
94
95                <category android:name="android.intent.category.LAUNCHER" />
95-->src\main\AndroidManifest.xml:38:17-77
95-->src\main\AndroidManifest.xml:38:27-74
96            </intent-filter>
97        </activity-alias>
98
99        <!-- Home Screen AppWidget Receiver (Interactive Cat Eyes Widget) -->
100        <receiver
100-->src\main\AndroidManifest.xml:86:9-99:20
101            android:name="com.meowl.app.widget.MeowlCatWidgetProvider"
101-->src\main\AndroidManifest.xml:87:13-58
102            android:exported="true"
102-->src\main\AndroidManifest.xml:88:13-36
103            android:label="Meowl Cat Eyes Widget" >
103-->src\main\AndroidManifest.xml:89:13-50
104            <intent-filter>
104-->src\main\AndroidManifest.xml:90:13-95:29
105                <action android:name="android.appwidget.action.APPWIDGET_UPDATE" />
105-->src\main\AndroidManifest.xml:91:17-84
105-->src\main\AndroidManifest.xml:91:25-81
106                <action android:name="com.meowl.app.ACTION_WIDGET_TAP_PLAY" />
106-->src\main\AndroidManifest.xml:92:17-79
106-->src\main\AndroidManifest.xml:92:25-76
107                <action android:name="com.meowl.app.ACTION_WIDGET_SEND_PING" />
107-->src\main\AndroidManifest.xml:93:17-80
107-->src\main\AndroidManifest.xml:93:25-77
108                <action android:name="com.meowl.app.ACTION_WIDGET_RECORD_TOGGLE" />
108-->src\main\AndroidManifest.xml:94:17-84
108-->src\main\AndroidManifest.xml:94:25-81
109            </intent-filter>
110
111            <meta-data
111-->src\main\AndroidManifest.xml:96:13-98:61
112                android:name="android.appwidget.provider"
112-->src\main\AndroidManifest.xml:97:17-58
113                android:resource="@xml/meowl_widget_info" />
113-->src\main\AndroidManifest.xml:98:17-58
114        </receiver>
115
116        <!-- Boot Receiver for Auto-starting 24/7 Relay Service -->
117        <receiver
117-->src\main\AndroidManifest.xml:102:9-108:20
118            android:name="com.meowl.app.network.BootReceiver"
118-->src\main\AndroidManifest.xml:103:13-49
119            android:exported="true" >
119-->src\main\AndroidManifest.xml:104:13-36
120            <intent-filter>
120-->src\main\AndroidManifest.xml:105:13-107:29
121                <action android:name="android.intent.action.BOOT_COMPLETED" />
121-->src\main\AndroidManifest.xml:106:17-79
121-->src\main\AndroidManifest.xml:106:25-76
122            </intent-filter>
123        </receiver>
124
125        <!-- 24/7 Background Network & Widget Relay Service -->
126        <service
126-->src\main\AndroidManifest.xml:111:9-115:56
127            android:name="com.meowl.app.network.MeowlRelayService"
127-->src\main\AndroidManifest.xml:112:13-54
128            android:enabled="true"
128-->src\main\AndroidManifest.xml:113:13-35
129            android:exported="false"
129-->src\main\AndroidManifest.xml:114:13-37
130            android:foregroundServiceType="dataSync" />
130-->src\main\AndroidManifest.xml:115:13-53
131
132        <!-- Smooth Widget Animation Background Service -->
133        <service
133-->src\main\AndroidManifest.xml:118:9-120:40
134            android:name="com.meowl.app.widget.WidgetAnimationService"
134-->src\main\AndroidManifest.xml:119:13-58
135            android:exported="false" />
135-->src\main\AndroidManifest.xml:120:13-37
136
137        <provider
137-->[androidx.emoji2:emoji2:1.4.0] AndroidManifest.xml:24:9-32:20
138            android:name="androidx.startup.InitializationProvider"
138-->[androidx.emoji2:emoji2:1.4.0] AndroidManifest.xml:25:13-67
139            android:authorities="com.meowl.app.androidx-startup"
139-->[androidx.emoji2:emoji2:1.4.0] AndroidManifest.xml:26:13-68
140            android:exported="false" >
140-->[androidx.emoji2:emoji2:1.4.0] AndroidManifest.xml:27:13-37
141            <meta-data
141-->[androidx.emoji2:emoji2:1.4.0] AndroidManifest.xml:29:13-31:52
142                android:name="androidx.emoji2.text.EmojiCompatInitializer"
142-->[androidx.emoji2:emoji2:1.4.0] AndroidManifest.xml:30:17-75
143                android:value="androidx.startup" />
143-->[androidx.emoji2:emoji2:1.4.0] AndroidManifest.xml:31:17-49
144            <meta-data
144-->[androidx.lifecycle:lifecycle-process:2.6.2] AndroidManifest.xml:29:13-31:52
145                android:name="androidx.lifecycle.ProcessLifecycleInitializer"
145-->[androidx.lifecycle:lifecycle-process:2.6.2] AndroidManifest.xml:30:17-78
146                android:value="androidx.startup" />
146-->[androidx.lifecycle:lifecycle-process:2.6.2] AndroidManifest.xml:31:17-49
147            <meta-data
147-->[androidx.profileinstaller:profileinstaller:1.3.0] AndroidManifest.xml:29:13-31:52
148                android:name="androidx.profileinstaller.ProfileInstallerInitializer"
148-->[androidx.profileinstaller:profileinstaller:1.3.0] AndroidManifest.xml:30:17-85
149                android:value="androidx.startup" />
149-->[androidx.profileinstaller:profileinstaller:1.3.0] AndroidManifest.xml:31:17-49
150        </provider>
151
152        <receiver
152-->[androidx.profileinstaller:profileinstaller:1.3.0] AndroidManifest.xml:34:9-52:20
153            android:name="androidx.profileinstaller.ProfileInstallReceiver"
153-->[androidx.profileinstaller:profileinstaller:1.3.0] AndroidManifest.xml:35:13-76
154            android:directBootAware="false"
154-->[androidx.profileinstaller:profileinstaller:1.3.0] AndroidManifest.xml:36:13-44
155            android:enabled="true"
155-->[androidx.profileinstaller:profileinstaller:1.3.0] AndroidManifest.xml:37:13-35
156            android:exported="true"
156-->[androidx.profileinstaller:profileinstaller:1.3.0] AndroidManifest.xml:38:13-36
157            android:permission="android.permission.DUMP" >
157-->[androidx.profileinstaller:profileinstaller:1.3.0] AndroidManifest.xml:39:13-57
158            <intent-filter>
158-->[androidx.profileinstaller:profileinstaller:1.3.0] AndroidManifest.xml:40:13-42:29
159                <action android:name="androidx.profileinstaller.action.INSTALL_PROFILE" />
159-->[androidx.profileinstaller:profileinstaller:1.3.0] AndroidManifest.xml:41:17-91
159-->[androidx.profileinstaller:profileinstaller:1.3.0] AndroidManifest.xml:41:25-88
160            </intent-filter>
161            <intent-filter>
161-->[androidx.profileinstaller:profileinstaller:1.3.0] AndroidManifest.xml:43:13-45:29
162                <action android:name="androidx.profileinstaller.action.SKIP_FILE" />
162-->[androidx.profileinstaller:profileinstaller:1.3.0] AndroidManifest.xml:44:17-85
162-->[androidx.profileinstaller:profileinstaller:1.3.0] AndroidManifest.xml:44:25-82
163            </intent-filter>
164            <intent-filter>
164-->[androidx.profileinstaller:profileinstaller:1.3.0] AndroidManifest.xml:46:13-48:29
165                <action android:name="androidx.profileinstaller.action.SAVE_PROFILE" />
165-->[androidx.profileinstaller:profileinstaller:1.3.0] AndroidManifest.xml:47:17-88
165-->[androidx.profileinstaller:profileinstaller:1.3.0] AndroidManifest.xml:47:25-85
166            </intent-filter>
167            <intent-filter>
167-->[androidx.profileinstaller:profileinstaller:1.3.0] AndroidManifest.xml:49:13-51:29
168                <action android:name="androidx.profileinstaller.action.BENCHMARK_OPERATION" />
168-->[androidx.profileinstaller:profileinstaller:1.3.0] AndroidManifest.xml:50:17-95
168-->[androidx.profileinstaller:profileinstaller:1.3.0] AndroidManifest.xml:50:25-92
169            </intent-filter>
170        </receiver>
171    </application>
172
173</manifest>